make all --print-data-base --no-builtin-variables --no-builtin-rules --question
# GNU Make 4.2.1
# Built for x86_64-pc-linux-gnu
# Copyright (C) 1988-2016 Free Software Foundation, Inc.
# License GPLv3+: GNU GPL version 3 or later <http://gnu.org/licenses/gpl.html>
# This is free software: you are free to change and redistribute it.
# There is NO WARRANTY, to the extent permitted by law.

# Make data base, printed on Wed Apr 27 14:53:08 2022

# Variables

# automatic
<D = $(patsubst %/,%,$(dir $<))
# automatic
?F = $(notdir $?)
# environment
DESKTOP_SESSION = cinnamon
# default
.SHELLFLAGS := -c
# environment
XDG_SESSION_CLASS = user
# environment
XDG_SESSION_TYPE = x11
# environment
VSCODE_LOG_NATIVE = false
# makefile (from 'Makefile', line 16)
TARGET = lbm display
# environment
GTK3_MODULES = xapp-gtk3-module
# automatic
?D = $(patsubst %/,%,$(dir $?))
# automatic
@D = $(patsubst %/,%,$(dir $@))
# environment
XAUTHORITY = /home/chaima/.Xauthority
# environment
GDMSESSION = cinnamon
# default
MAKE_VERSION := 4.2.1
# makefile
CURDIR := /home/chaima/Documents/TOP_PROJET_ETUDIANT/simu_simple_LBM
# makefile
SHELL = /bin/sh
# makefile (from 'Makefile', line 4)
RM = rm -f
# environment
GDM_LANG = fr_FR
# environment
VSCODE_NLS_CONFIG = {"locale":"fr","availableLanguages":{"*":"fr"},"_languagePackId":"9fdd4736c50ab5d00bf618b3d10bedcc.fr","_translationsConfigFile":"/home/chaima/.config/Code/clp/9fdd4736c50ab5d00bf618b3d10bedcc.fr/tcf.json","_cacheRoot":"/home/chaima/.config/Code/clp/9fdd4736c50ab5d00bf618b3d10bedcc.fr","_resolvedLanguagePackCoreLocation":"/home/chaima/.config/Code/clp/9fdd4736c50ab5d00bf618b3d10bedcc.fr/7db1a2b88f7557e0a43fec75b6ba7e50b3e9f77e","_corruptedFile":"/home/chaima/.config/Code/clp/9fdd4736c50ab5d00bf618b3d10bedcc.fr/corrupted.info","_languagePackSupport":true}
# environment
_ = /usr/share/code/code
# makefile (from 'Makefile', line 8)
CFLAGS = -Wall -g
# environment
XDG_CONFIG_DIRS = /etc/xdg/xdg-cinnamon:/etc/xdg
# environment
GTK_OVERLAY_SCROLLING = 1
# makefile (from 'Makefile', line 1)
MAKEFILE_LIST :=  Makefile
# automatic
@F = $(notdir $@)
# environment
GIO_LAUNCHED_DESKTOP_FILE = /usr/share/applications/code.desktop
# 'override' directive
GNUMAKEFLAGS := 
# environment
MANDATORY_PATH = /usr/share/gconf/cinnamon.mandatory.path
# environment
XDG_DATA_DIRS = /usr/share/cinnamon:/usr/share/gnome:/home/chaima/.local/share/flatpak/exports/share:/var/lib/flatpak/exports/share:/usr/local/share:/usr/share
# environment
DBUS_SESSION_BUS_ADDRESS = unix:path=/run/user/1000/bus
# environment
VSCODE_VERBOSE_LOGGING = true
# makefile (from 'Makefile', line 12)
LBM_SOURCES = main.c lbm_phys.c lbm_init.c lbm_struct.c lbm_comm.c lbm_config.c
# environment
VSCODE_IPC_HOOK_EXTHOST = /run/user/1000/vscode-ipc-116619ec-2b72-4839-a1f6-58497ed62e15.sock
# environment
VSCODE_CWD = /home/chaima
# environment
XDG_SESSION_PATH = /org/freedesktop/DisplayManager/Session0
# makefile (from 'Makefile', line 3)
MPICC = mpicc
# default
MAKE_HOST := x86_64-pc-linux-gnu
# makefile (from 'Makefile', line 14)
LBM_OBJECTS = $(LBM_SOURCES:.c=.o)
# environment
PATH = /usr/local/sbin:/usr/local/bin:/usr/sbin:/usr/bin:/sbin:/bin:/usr/games:/usr/local/games:/snap/bin
# environment
GPG_AGENT_INFO = /run/user/1000/gnupg/S.gpg-agent:0:1
# environment
SESSION_MANAGER = local/chaima-HP-ENVY-Notebook:@/tmp/.ICE-unix/1561,unix/chaima-HP-ENVY-Notebook:/tmp/.ICE-unix/1561
# environment
XDG_RUNTIME_DIR = /run/user/1000
# environment
VSCODE_LOG_STACK = false
# environment
VSCODE_CRASH_REPORTER_START_OPTIONS = {"companyName":"Microsoft","productName":"VSCode","submitURL":"appcenter://code?aid=fba07a4d-84bd-4fc8-a125-9640fc8ce171&uid=9b185274-f789-4bbd-9319-1b45899b78dc&iid=9b185274-f789-4bbd-9319-1b45899b78dc&sid=9b185274-f789-4bbd-9319-1b45899b78dc","uploadToServer":true}
# makefile (from 'Makefile', line 9)
LDFLAGS = -lm -fopenmp
# default
.FEATURES := target-specific order-only second-expansion else-if shortest-stem undefine oneshell archives jobserver output-sync check-symlink load
# environment
XDG_GREETER_DATA_DIR = /var/lib/lightdm-data/chaima
# environment
INSIDE_NEMO_PYTHON = 
# environment
XDG_SESSION_DESKTOP = cinnamon
# environment
SSH_AUTH_SOCK = /run/user/1000/keyring/ssh
# environment
GIO_LAUNCHED_DESKTOP_FILE_PID = 8375
# automatic
%F = $(notdir $%)
# environment
DISPLAY = :0
# environment
VSCODE_PIPE_LOGGING = true
# environment
PWD = /home/chaima/Documents/TOP_PROJET_ETUDIANT/simu_simple_LBM
# environment
QT_QPA_PLATFORMTHEME = qt5ct
# default
.LOADED := 
# environment
XDG_SEAT = seat0
# environment
SSH_AGENT_PID = 1629
# environment
ORIGINAL_XDG_CURRENT_DESKTOP = X-Cinnamon
# environment
GTK_MODULES = gail:atk-bridge
# environment
VSCODE_AMD_ENTRYPOINT = vs/workbench/services/extensions/node/extensionHostProcess
# environment
HOME = /home/chaima
# environment
VSCODE_CODE_CACHE_PATH = /home/chaima/.config/Code/CachedData/7db1a2b88f7557e0a43fec75b6ba7e50b3e9f77e
# environment
LOGNAME = chaima
# environment
APPLICATION_INSIGHTS_NO_DIAGNOSTIC_CHANNEL = true
# environment
VSCODE_HANDLES_UNCAUGHT_ERRORS = true
# environment
GNOME_DESKTOP_SESSION_ID = this-is-deprecated
# automatic
^D = $(patsubst %/,%,$(dir $^))
# environment
XDG_VTNR = 7
# makefile (from 'Makefile', line 5)
MAKEDEPEND = makedepend
# environment
MAKELEVEL := 0
# default
MAKE = $(MAKE_COMMAND)
# makefile (from 'Makefile', line 13)
LBM_HEADERS = $(wildcards:*.h)
# default
MAKECMDGOALS := all
# environment
SHLVL = 0
# makefile (from 'Makefile', line 2)
CC = gcc
# environment
XDG_SESSION_ID = c2
# environment
USER = chaima
# makefile
.DEFAULT_GOAL := all
# environment
XDG_CURRENT_DESKTOP = X-Cinnamon
# automatic
%D = $(patsubst %/,%,$(dir $%))
# default
MAKE_COMMAND := make
# default
.VARIABLES := 
# automatic
*F = $(notdir $*)
# environment
LANGUAGE = fr_FR
# environment
XDG_SEAT_PATH = /org/freedesktop/DisplayManager/Seat0
# environment
VSCODE_IPC_HOOK = /run/user/1000/vscode-9b6bcd80-1.63.0-main.sock
# makefile
MAKEFLAGS = pqrR
# environment
MFLAGS = -pqrR
# automatic
*D = $(patsubst %/,%,$(dir $*))
# environment
BREAKPAD_DUMP_LOCATION = /home/chaima/.config/Code/exthost Crash Reports
# automatic
+D = $(patsubst %/,%,$(dir $+))
# environment
GDK_BACKEND = x11
# automatic
+F = $(notdir $+)
# environment
NO_AT_BRIDGE = 1
# environment
CINNAMON_VERSION = 5.0.7
# environment
QT_ACCESSIBILITY = 1
# environment
DEFAULTS_PATH = /usr/share/gconf/cinnamon.default.path
# default
MAKEFILES := 
# automatic
<F = $(notdir $<)
# environment
ELECTRON_RUN_AS_NODE = 1
# environment
LC_ALL = C
# environment
GJS_DEBUG_TOPICS = JS ERROR;JS LOG
# automatic
^F = $(notdir $^)
# default
SUFFIXES := 
# environment
CHROME_DESKTOP = code-url-handler.desktop
# default
.INCLUDE_DIRS = /usr/include /usr/local/include /usr/include
# environment
GJS_DEBUG_OUTPUT = stderr
# default
.RECIPEPREFIX := 
# environment
LANG = C
# environment
VSCODE_PID = 4129
# variable set hash-table stats:
# Load=112/1024=11%, Rehash=0, Collisions=7/140=5%

# Pattern-specific Variable Values

# No pattern-specific variable values.

# Directories

# . (device 2071, inode 1248734): 30 files, no impossibilities.

# 30 files, no impossibilities in 1 directories.

# Implicit Rules

%.o: %.c
#  recipe to execute (from 'Makefile', line 21):
	$(MPICC) $(CFLAGS) -c -o $@ $<

# 1 implicit rules, 0 (0.0%) terminal.

# Files

# Not a target:
lbm_init.c:
#  Implicit rule search has been done.
#  Last modified 2021-04-18 18:49:14
#  File has been updated.
#  Successfully updated.

# Not a target:
lbm_struct.h:
#  Implicit rule search has been done.
#  Last modified 2021-04-18 18:49:14
#  File has been updated.
#  Successfully updated.

# Not a target:
lbm_phys.h:
#  Implicit rule search has been done.
#  Last modified 2021-04-18 18:49:14
#  File has been updated.
#  Successfully updated.

# Not a target:
display.c:
#  Implicit rule search has been done.
 
#  Last modified 2021-04-18 18:49:14
#  File has been updated.
#  Successfully updated.

all: lbm display
#  Phony target (prerequisite of .PHONY).
#  Command line target.
#  Implicit rule search has not been done.
#  File does not exist.
#  File has been updated.
#  Successfully updated.

.PHONY: clean all depend
#  Implicit rule search has not been done.
#  Modification time never checked.
#  File has not been updated.

# Not a target:
lbm_init.h:
#  Implicit rule search has been done.
#  Last modified 2021-04-18 18:49:14
#  File has been updated.
#  Successfully updated.

# Not a target:
main.c:
#  Implicit rule search has been done.
#  Last modified 2022-04-23 15:24:39.485757015
#  File has been updated.
#  Successfully updated.

lbm_comm.o: lbm_comm.c lbm_comm.h lbm_struct.h lbm_config.h
#  Implicit rule search has been done.
#  Implicit/static pattern stem: 'lbm_comm'
#  Last modified 2022-04-23 15:24:50.869799137
#  File has been updated.
#  Successfully updated.
#  recipe to execute (from 'Makefile', line 21):
	$(MPICC) $(CFLAGS) -c -o $@ $<

# Not a target:
Makefile:
#  Implicit rule search has been done.
#  Last modified 2022-04-23 15:14:26.807291381
#  File has been updated.
#  Successfully updated.

lbm: main.o lbm_phys.o lbm_init.o lbm_struct.o lbm_comm.o lbm_config.o
#  Implicit rule search has not been done.
#  Last modified 2022-04-23 15:24:50.965799492
#  File has been updated.
#  Successfully updated.
#  recipe to execute (from 'Makefile', line 24):
	$(MPICC) $(CFLAGS) -o $@ $^ $(LDFLAGS)

depend:
#  Phony target (prerequisite of .PHONY).
#  Implicit rule search has not been done.
#  File does not exist.
#  File has not been updated.
#  recipe to execute (from 'Makefile', line 34):
	$(MAKEDEPEND) -Y. $(LBM_SOURCES) display.c

lbm_struct.o: lbm_struct.c lbm_struct.h lbm_config.h
#  Implicit rule search has been done.
#  Implicit/static pattern stem: 'lbm_struct'
#  Last modified 2022-04-23 15:24:50.79779887
#  File has been updated.
#  Successfully updated.
#  recipe to execute (from 'Makefile', line 21):
	$(MPICC) $(CFLAGS) -c -o $@ $<

lbm_phys.o: lbm_phys.c lbm_config.h lbm_struct.h lbm_phys.h lbm_comm.h
#  Implicit rule search has been done.
#  Implicit/static pattern stem: 'lbm_phys'
#  Last modified 2022-04-23 15:24:50.71379856
#  File has been updated.
#  Successfully updated.
#  recipe to execute (from 'Makefile', line 21):
	$(MPICC) $(CFLAGS) -c -o $@ $<

# Not a target:
.DEFAULT:
#  Implicit rule search has not been done.
#  Modification time never checked.
#  File has not been updated.

# Not a target:
lbm_comm.c:
#  Implicit rule search has been done.
#  Last modified 2021-04-18 18:49:14
#  File has been updated.
#  Successfully updated.

lbm_init.o: lbm_init.c lbm_phys.h lbm_struct.h lbm_config.h lbm_comm.h lbm_init.h
#  Implicit rule search has been done.
#  Implicit/static pattern stem: 'lbm_init'
#  Last modified 2022-04-23 15:24:50.765798752
#  File has been updated.
#  Successfully updated.
#  recipe to execute (from 'Makefile', line 21):
	$(MPICC) $(CFLAGS) -c -o $@ $<

clean:
#  Phony target (prerequisite of .PHONY).
#  Implicit rule search has not been done.
#  File does not exist.
#  File has not been updated.
#  recipe to execute (from 'Makefile', line 30):
	$(RM) $(LBM_OBJECTS)
	$(RM) $(TARGET)

display.o: lbm_struct.h lbm_config.h
#  Implicit rule search has not been done.
#  Modification time never checked.
#  File has not been updated.

display: display.c
#  Implicit rule search has not been done.
#  Last modified 2022-04-23 15:24:51.033799742
#  File has been updated.
#  Successfully updated.
#  recipe to execute (from 'Makefile', line 27):
	$(CC) $(CFLAGS) -o $@ display.c

# Not a target:
lbm_config.h:
#  Implicit rule search has been done.
#  Last modified 2021-04-18 18:49:14
#  File has been updated.
#  Successfully updated.

main.o: main.c lbm_config.h lbm_struct.h lbm_phys.h lbm_comm.h lbm_init.h
#  Implicit rule search has been done.
#  Implicit/static pattern stem: 'main'
#  Last modified 2022-04-23 15:24:50.645798308
#  File has been updated.
#  Successfully updated.
#  recipe to execute (from 'Makefile', line 21):
	$(MPICC) $(CFLAGS) -c -o $@ $<

# Not a target:
lbm_comm.h:
#  Implicit rule search has been done.
#  Last modified 2021-04-18 18:49:14
#  File has been updated.
#  Successfully updated.

# Not a target:
lbm_config.c:
#  Implicit rule search has been done.
#  Last modified 2021-04-18 18:49:14
#  File has been updated.
#  Successfully updated.

# Not a target:
lbm_struct.c:
#  Implicit rule search has been done.
#  Last modified 2021-04-18 18:49:14
#  File has been updated.
#  Successfully updated.

# Not a target:
lbm_phys.c:
#  Implicit rule search has been done.
#  Last modified 2021-04-18 18:49:14
#  File has been updated.
#  Successfully updated.

lbm_config.o: lbm_config.c lbm_config.h
#  Implicit rule search has been done.
#  Implicit/static pattern stem: 'lbm_config'
#  Last modified 2022-04-23 15:24:50.909799284
#  File has been updated.
#  Successfully updated.
#  recipe to execute (from 'Makefile', line 21):
	$(MPICC) $(CFLAGS) -c -o $@ $<

# files hash-table stats:
# Load=28/1024=3%, Rehash=0, Collisions=11/99=11%
# VPATH Search Paths

# No 'vpath' search paths.

# No general ('VPATH' variable) search path.

# strcache buffers: 1 (0) / strings = 47 / storage = 480 B / avg = 10 B
# current buf: size = 8162 B / used = 480 B / count = 47 / avg = 10 B

# strcache performance: lookups = 119 / hit rate = 60%
# hash-table stats:
# Load=47/8192=1%, Rehash=0, Collisions=1/119=1%
# Finished Make data base on Wed Apr 27 14:53:08 2022

 
